<?xml version="1.0" encoding="utf-8"?><testsuites name="pytest tests"><testsuite name="pytest" errors="0" failures="0" skipped="0" tests="12" time="3.297" timestamp="2026-04-03T19:06:27.730970+00:00" hostname="agent-env-c04530c5-e2d8-4df7-9745-07e632eb1b29"><testcase classname="backend.tests.test_cricdata_api.TestCricDataAPI" name="test_api_root_version" time="0.174" /><testcase classname="backend.tests.test_cricdata_api.TestCricDataAPI" name="test_usage_endpoint_returns_stats" time="0.136" /><testcase classname="backend.tests.test_cricdata_api.TestCricDataAPI" name="test_cached_endpoint_returns_matches" time="0.119" /><testcase classname="backend.tests.test_cricdata_api.TestCricDataAPI" name="test_cached_matches_have_ipl_data" time="0.141" /><testcase classname="backend.tests.test_cricdata_api.TestCricDataAPI" name="test_cached_matches_have_scores" time="0.166" /><testcase classname="backend.tests.test_cricdata_api.TestCricDataAPI" name="test_fetch_live_endpoint_single_call" time="1.324" /><testcase classname="backend.tests.test_cricdata_api.TestCricDataAPI" name="test_usage_endpoint_no_api_hit" time="0.210" /><testcase classname="backend.tests.test_cricdata_api.TestCricDataAPI" name="test_cached_endpoint_no_api_hit" time="0.384" /><testcase classname="backend.tests.test_cricdata_api.TestCricDataMatchDetails" name="test_match_has_team_info" time="0.110" /><testcase classname="backend.tests.test_cricdata_api.TestCricDataMatchDetails" name="test_match_has_venue" time="0.117" /><testcase classname="backend.tests.test_cricdata_api.TestCricDataMatchDetails" name="test_match_has_status" time="0.135" /><testcase classname="backend.tests.test_cricdata_api.TestCricDataMatchDetails" name="test_completed_match_has_target" time="0.105" /></testsuite></testsuites>