<?xml version="1.0" encoding="utf-8"?><testsuites name="pytest tests"><testsuite name="pytest" errors="0" failures="0" skipped="0" tests="7" time="11.231" timestamp="2026-04-03T17:50:51.011544+00:00" hostname="agent-env-c04530c5-e2d8-4df7-9745-07e632eb1b29"><testcase classname="backend.tests.test_gamble_consultant.TestHealthEndpointV4" name="test_health_returns_200" time="0.177" /><testcase classname="backend.tests.test_gamble_consultant.TestHealthEndpointV4" name="test_health_has_version_4" time="0.131" /><testcase classname="backend.tests.test_gamble_consultant.TestHealthEndpointV4" name="test_health_has_gamble_consultant_message" time="0.121" /><testcase classname="backend.tests.test_gamble_consultant.TestHealthEndpointV4" name="test_health_has_gpt54_datasource" time="0.136" /><testcase classname="backend.tests.test_gamble_consultant.TestExistingEndpointsStillWork" name="test_schedule_still_works" time="0.122" /><testcase classname="backend.tests.test_gamble_consultant.TestExistingEndpointsStillWork" name="test_fetch_live_still_works" time="10.313" /><testcase classname="backend.tests.test_gamble_consultant.TestExistingEndpointsStillWork" name="test_squads_still_works" time="0.168" /></testsuite></testsuites>