<?xml version="1.0" encoding="utf-8"?><testsuites name="pytest tests"><testsuite name="pytest" errors="0" failures="1" skipped="0" tests="20" time="596.131" timestamp="2026-04-03T19:47:11.187176+00:00" hostname="agent-env-c04530c5-e2d8-4df7-9745-07e632eb1b29"><testcase classname="backend.tests.test_new_features_iteration9.TestHealthAndBasics" name="test_api_health" time="31.509" /><testcase classname="backend.tests.test_new_features_iteration9.TestConsultationEndpoint0to100Scale" name="test_consult_accepts_market_pct_fields" time="42.627" /><testcase classname="backend.tests.test_new_features_iteration9.TestConsultationEndpoint0to100Scale" name="test_consult_edge_calculation_with_0_100_inputs" time="42.744" /><testcase classname="backend.tests.test_new_features_iteration9.TestConsultationEndpoint0to100Scale" name="test_consult_without_market_odds" time="25.329" /><testcase classname="backend.tests.test_new_features_iteration9.TestConsultationEndpoint0to100Scale" name="test_consult_with_extreme_values" time="33.941" /><testcase classname="backend.tests.test_new_features_iteration9.TestChatEndpoint0to100Scale" name="test_chat_accepts_market_pct_fields" time="3.398" /><testcase classname="backend.tests.test_new_features_iteration9.TestChatEndpoint0to100Scale" name="test_chat_returns_consultation_summary" time="3.919" /><testcase classname="backend.tests.test_new_features_iteration9.TestPlayingXIEndpoint" name="test_playing_xi_returns_both_teams" time="50.898" /><testcase classname="backend.tests.test_new_features_iteration9.TestPlayingXIEndpoint" name="test_playing_xi_has_luck_factor" time="48.845" /><testcase classname="backend.tests.test_new_features_iteration9.TestPlayingXIEndpoint" name="test_playing_xi_player_structure" time="56.052" /><testcase classname="backend.tests.test_new_features_iteration9.TestPlayingXIEndpoint" name="test_playing_xi_includes_metadata" time="44.962" /><testcase classname="backend.tests.test_new_features_iteration9.TestVenueFetchEndpoint" name="test_venue_fetch_returns_data" time="1.034" /><testcase classname="backend.tests.test_new_features_iteration9.TestVenueFetchEndpoint" name="test_venue_fetch_includes_api_info" time="0.921" /><testcase classname="backend.tests.test_new_features_iteration9.TestBetaPredictionEndpoint0to100Scale" name="test_beta_predict_accepts_market_pct_fields" time="52.537" /><testcase classname="backend.tests.test_new_features_iteration9.TestFetchLiveEndpoint0to100Scale" name="test_fetch_live_accepts_betting_pct_fields" time="12.949" /><testcase classname="backend.tests.test_new_features_iteration9.TestEdgeCalculationMath" name="test_edge_positive_when_model_higher" time="28.644" /><testcase classname="backend.tests.test_new_features_iteration9.TestRequestBodyFieldNames" name="test_consult_field_names" time="41.624" /><testcase classname="backend.tests.test_new_features_iteration9.TestRequestBodyFieldNames" name="test_chat_field_names" time="3.137" /><testcase classname="backend.tests.test_new_features_iteration9.TestRequestBodyFieldNames" name="test_beta_predict_field_names" time="60.117"><failure message="assert 502 == 200&#10; +  where 502 = &lt;Response [502]&gt;.status_code">backend/tests/test_new_features_iteration9.py:366: in test_beta_predict_field_names
    assert response.status_code == 200
E   assert 502 == 200
E    +  where 502 = &lt;Response [502]&gt;.status_code</failure></testcase><testcase classname="backend.tests.test_new_features_iteration9.TestRequestBodyFieldNames" name="test_fetch_live_field_names" time="10.818" /></testsuite></testsuites>