<?xml version="1.0" encoding="utf-8"?><testsuites name="pytest tests"><testsuite name="pytest" errors="0" failures="0" skipped="0" tests="12" time="73.205" timestamp="2026-04-04T16:58:31.843921+00:00" hostname="agent-env-c04530c5-e2d8-4df7-9745-07e632eb1b29"><testcase classname="tests.test_iteration23_sportmonks.TestSportMonksIntegration" name="test_health_check" time="0.281" /><testcase classname="tests.test_iteration23_sportmonks.TestSportMonksIntegration" name="test_fetch_live_endpoint_exists" time="11.476" /><testcase classname="tests.test_iteration23_sportmonks.TestSportMonksIntegration" name="test_fetch_live_returns_sportmonks_data" time="11.652" /><testcase classname="tests.test_iteration23_sportmonks.TestSportMonksIntegration" name="test_claude_prediction_structure" time="11.680" /><testcase classname="tests.test_iteration23_sportmonks.TestSportMonksIntegration" name="test_probabilities_structure" time="12.115" /><testcase classname="tests.test_iteration23_sportmonks.TestSportMonksIntegration" name="test_batsmen_strike_rate_mapping" time="12.661" /><testcase classname="tests.test_iteration23_sportmonks.TestSportMonksIntegration" name="test_bowler_structure" time="10.989" /><testcase classname="tests.test_iteration23_sportmonks.TestCricketDataFallback" name="test_cricdata_fetch_live_endpoint" time="1.725" /><testcase classname="tests.test_iteration23_sportmonks.TestCricketDataFallback" name="test_cricdata_usage_endpoint" time="0.136" /><testcase classname="tests.test_iteration23_sportmonks.TestCricketDataFallback" name="test_cricdata_cached_endpoint" time="0.117" /><testcase classname="tests.test_iteration23_sportmonks.TestMatchStateEndpoint" name="test_get_match_state" time="0.141" /><testcase classname="tests.test_iteration23_sportmonks.TestScheduleEndpoint" name="test_get_schedule" time="0.117" /></testsuite></testsuites>