<?xml version="1.0" encoding="utf-8"?><testsuites name="pytest tests"><testsuite name="pytest" errors="0" failures="0" skipped="0" tests="11" time="6.714" timestamp="2026-04-09T13:39:22.475568+00:00" hostname="agent-env-c04530c5-e2d8-4df7-9745-07e632eb1b29"><testcase classname="backend.tests.test_iteration37_venue_dew_conditions.TestIteration37VenueDewConditions" name="test_api_health" time="0.134" /><testcase classname="backend.tests.test_iteration37_venue_dew_conditions.TestIteration37VenueDewConditions" name="test_kkr_vs_lsg_h2h_historical" time="0.643" /><testcase classname="backend.tests.test_iteration37_venue_dew_conditions.TestIteration37VenueDewConditions" name="test_toss_impact_dew_impact_text" time="0.920" /><testcase classname="backend.tests.test_iteration37_venue_dew_conditions.TestIteration37VenueDewConditions" name="test_toss_impact_dew_multiplier" time="0.601" /><testcase classname="backend.tests.test_iteration37_venue_dew_conditions.TestIteration37VenueDewConditions" name="test_bowling_depth_venue_fields" time="0.608" /><testcase classname="backend.tests.test_iteration37_venue_dew_conditions.TestIteration37VenueDewConditions" name="test_bowling_depth_venue_weighted_quality" time="0.604" /><testcase classname="backend.tests.test_iteration37_venue_dew_conditions.TestIteration37VenueDewConditions" name="test_conditions_favours_team_field" time="0.628" /><testcase classname="backend.tests.test_iteration37_venue_dew_conditions.TestIteration37VenueDewConditions" name="test_conditions_edge_text" time="0.613" /><testcase classname="backend.tests.test_iteration37_venue_dew_conditions.TestIteration37VenueDewConditions" name="test_all_8_factors_logit_contribution" time="0.608" /><testcase classname="backend.tests.test_iteration37_venue_dew_conditions.TestIteration37VenueDewConditions" name="test_prediction_probability_valid_range" time="0.651" /><testcase classname="backend.tests.test_iteration37_venue_dew_conditions.TestIteration37VenueDewConditions" name="test_rr_vs_mi_at_guwahati" time="0.617" /></testsuite></testsuites>