<?xml version="1.0" encoding="utf-8"?><testsuites name="pytest tests"><testsuite name="pytest" errors="0" failures="0" skipped="0" tests="11" time="10.881" timestamp="2026-04-07T13:09:24.143191+00:00" hostname="agent-env-c04530c5-e2d8-4df7-9745-07e632eb1b29"><testcase classname="backend.tests.test_iteration36_venue_pitch_home.TestVenuePitchHomeFactors" name="test_api_health" time="0.117" /><testcase classname="backend.tests.test_iteration36_venue_pitch_home.TestVenuePitchHomeFactors" name="test_rr_home_at_guwahati" time="0.684" /><testcase classname="backend.tests.test_iteration36_venue_pitch_home.TestVenuePitchHomeFactors" name="test_pbks_home_at_mohali" time="0.998" /><testcase classname="backend.tests.test_iteration36_venue_pitch_home.TestVenuePitchHomeFactors" name="test_dc_home_at_delhi" time="1.002" /><testcase classname="backend.tests.test_iteration36_venue_pitch_home.TestVenuePitchHomeFactors" name="test_venue_pitch_home_logit_nonzero" time="0.998" /><testcase classname="backend.tests.test_iteration36_venue_pitch_home.TestVenuePitchHomeFactors" name="test_pitch_data_present" time="1.001" /><testcase classname="backend.tests.test_iteration36_venue_pitch_home.TestVenuePitchHomeFactors" name="test_h2h_uses_recent_data" time="0.997" /><testcase classname="backend.tests.test_iteration36_venue_pitch_home.TestVenuePitchHomeFactors" name="test_toss_impact_nonzero" time="1.006" /><testcase classname="backend.tests.test_iteration36_venue_pitch_home.TestVenuePitchHomeFactors" name="test_bowling_depth_top5" time="1.001" /><testcase classname="backend.tests.test_iteration36_venue_pitch_home.TestVenuePitchHomeFactors" name="test_all_8_categories_present" time="1.992" /><testcase classname="backend.tests.test_iteration36_venue_pitch_home.TestVenuePitchHomeFactors" name="test_prediction_probability_valid" time="1.001" /></testsuite></testsuites>