<?xml version="1.0" encoding="utf-8"?><testsuites name="pytest tests"><testsuite name="pytest" errors="0" failures="0" skipped="0" tests="10" time="9.994" timestamp="2026-04-07T12:35:02.991035+00:00" hostname="agent-env-c04530c5-e2d8-4df7-9745-07e632eb1b29"><testcase classname="backend.tests.test_iteration35_h2h_toss_bowling.TestIteration35H2HTossBowling" name="test_api_health" time="0.271" /><testcase classname="backend.tests.test_iteration35_h2h_toss_bowling.TestIteration35H2HTossBowling" name="test_rr_vs_mi_h2h_historical" time="0.639" /><testcase classname="backend.tests.test_iteration35_h2h_toss_bowling.TestIteration35H2HTossBowling" name="test_pbks_vs_rr_h2h_historical" time="1.005" /><testcase classname="backend.tests.test_iteration35_h2h_toss_bowling.TestIteration35H2HTossBowling" name="test_toss_impact_non_zero" time="0.992" /><testcase classname="backend.tests.test_iteration35_h2h_toss_bowling.TestIteration35H2HTossBowling" name="test_bowling_depth_top5_only" time="1.000" /><testcase classname="backend.tests.test_iteration35_h2h_toss_bowling.TestIteration35H2HTossBowling" name="test_squad_strength_balance_values" time="1.001" /><testcase classname="backend.tests.test_iteration35_h2h_toss_bowling.TestIteration35H2HTossBowling" name="test_all_8_categories_non_zero" time="1.001" /><testcase classname="backend.tests.test_iteration35_h2h_toss_bowling.TestIteration35H2HTossBowling" name="test_prediction_probability_valid_range" time="0.997" /><testcase classname="backend.tests.test_iteration35_h2h_toss_bowling.TestIteration35H2HTossBowling" name="test_dc_vs_gt_prediction" time="1.000" /><testcase classname="backend.tests.test_iteration35_h2h_toss_bowling.TestIteration35H2HTossBowling" name="test_toss_impact_different_venues" time="2.003" /></testsuite></testsuites>