<?xml version="1.0" encoding="utf-8"?><testsuites name="pytest tests"><testsuite name="pytest" errors="0" failures="0" skipped="0" tests="8" time="55.411" timestamp="2026-04-04T17:38:10.730887+00:00" hostname="agent-env-c04530c5-e2d8-4df7-9745-07e632eb1b29"><testcase classname="tests.test_iteration24_claude_unified.TestClaudeUnifiedProbabilities" name="test_health_check" time="0.273" /><testcase classname="tests.test_iteration24_claude_unified.TestClaudeUnifiedProbabilities" name="test_fetch_live_returns_claude_prediction" time="12.765" /><testcase classname="tests.test_iteration24_claude_unified.TestClaudeUnifiedProbabilities" name="test_probabilities_source_is_claude" time="0.000" /><testcase classname="tests.test_iteration24_claude_unified.TestClaudeUnifiedProbabilities" name="test_refresh_claude_prediction_endpoint" time="16.851" /><testcase classname="tests.test_iteration24_claude_unified.TestClaudeUnifiedProbabilities" name="test_yet_to_bat_and_bowl_in_response" time="0.000" /><testcase classname="tests.test_iteration24_claude_unified.TestClaudeUnifiedProbabilities" name="test_claude_prediction_has_required_fields" time="0.000" /><testcase classname="tests.test_iteration24_claude_unified.TestClaudeUnifiedProbabilities" name="test_match_state_endpoint_returns_cached_data" time="0.164" /><testcase classname="tests.test_iteration24_claude_unified.TestRefreshClaudePredictionNoRefetch" name="test_refresh_uses_cached_sportmonks_data" time="25.276" /></testsuite></testsuites>