<?xml version="1.0" encoding="utf-8"?><testsuites name="pytest tests"><testsuite name="pytest" errors="0" failures="0" skipped="1" tests="8" time="4.934" timestamp="2026-04-04T20:13:31.769088+00:00" hostname="agent-env-c04530c5-e2d8-4df7-9745-07e632eb1b29"><testcase classname="tests.test_iteration25_weighted_prediction.TestComputeWeightedPrediction" name="test_weighted_prediction_formula_with_mock_data" time="2.407" /><testcase classname="tests.test_iteration25_weighted_prediction.TestComputeWeightedPrediction" name="test_weighted_prediction_returns_none_without_data" time="0.000" /><testcase classname="tests.test_iteration25_weighted_prediction.TestComputeWeightedPrediction" name="test_alpha_calculation_first_innings" time="0.000" /><testcase classname="tests.test_iteration25_weighted_prediction.TestFetchLiveEndpoint" name="test_fetch_live_returns_weighted_prediction_field" time="1.103" /><testcase classname="tests.test_iteration25_weighted_prediction.TestFetchLiveEndpoint" name="test_fetch_live_returns_claude_prediction_with_historical_factors" time="1.011"><skipped type="pytest.skip" message="No live match available - cannot test Claude prediction">/app/backend/tests/test_iteration25_weighted_prediction.py:176: No live match available - cannot test Claude prediction</skipped></testcase><testcase classname="tests.test_iteration25_weighted_prediction.TestRefreshClaudePredictionEndpoint" name="test_refresh_claude_returns_weighted_prediction" time="0.117" /><testcase classname="tests.test_iteration25_weighted_prediction.TestHealthAndBasicEndpoints" name="test_api_health" time="0.118" /><testcase classname="tests.test_iteration25_weighted_prediction.TestHealthAndBasicEndpoints" name="test_match_state_endpoint" time="0.107" /></testsuite></testsuites>