<?xml version="1.0" encoding="utf-8"?><testsuites name="pytest tests"><testsuite name="pytest" errors="0" failures="0" skipped="0" tests="11" time="233.429" timestamp="2026-04-04T05:48:12.269561+00:00" hostname="agent-env-c04530c5-e2d8-4df7-9745-07e632eb1b29"><testcase classname="backend.tests.test_iteration12_features.TestMarketMomentum" name="test_consult_accepts_odds_trend_fields" time="47.339" /><testcase classname="backend.tests.test_iteration12_features.TestMarketMomentum" name="test_consult_returns_market_momentum_object" time="46.893" /><testcase classname="backend.tests.test_iteration12_features.TestMarketMomentum" name="test_win_probability_shifts_with_momentum" time="98.203" /><testcase classname="backend.tests.test_iteration12_features.TestPlayerLevelPrediction" name="test_prediction_uses_player_data_flag" time="0.288" /><testcase classname="backend.tests.test_iteration12_features.TestPlayerLevelPrediction" name="test_player_venue_logit_in_factors" time="0.130" /><testcase classname="backend.tests.test_iteration12_features.TestPlayerLevelPrediction" name="test_player_form_logit_in_factors" time="0.161" /><testcase classname="backend.tests.test_iteration12_features.TestPlayingXIFields" name="test_playing_xi_has_buzz_confidence" time="0.159" /><testcase classname="backend.tests.test_iteration12_features.TestPlayingXIFields" name="test_playing_xi_has_venue_stats" time="0.164" /><testcase classname="backend.tests.test_iteration12_features.TestForceRePredict" name="test_force_repredict_endpoint_exists" time="0.168" /><testcase classname="backend.tests.test_iteration12_features.TestForceRePredict" name="test_force_true_returns_fresh_data" time="0.332" /><testcase classname="backend.tests.test_iteration12_features.TestConsultEndpointSchema" name="test_consult_request_schema" time="39.466" /></testsuite></testsuites>