<?xml version="1.0" encoding="utf-8"?><testsuites name="pytest tests"><testsuite name="pytest" errors="0" failures="1" skipped="0" tests="10" time="61.775" timestamp="2026-04-03T20:35:56.214166+00:00" hostname="agent-env-c04530c5-e2d8-4df7-9745-07e632eb1b29"><testcase classname="backend.tests.test_iteration11_features.TestVenueResolution" name="test_schedule_has_no_tbd_venues" time="0.275" /><testcase classname="backend.tests.test_iteration11_features.TestVenueResolution" name="test_resolve_venues_endpoint_exists" time="0.109" /><testcase classname="backend.tests.test_iteration11_features.TestVenueResolution" name="test_upcoming_matches_have_real_venues" time="0.143" /><testcase classname="backend.tests.test_iteration11_features.TestPlayingXIWithVenueStats" name="test_playing_xi_endpoint_returns_venue_stats" time="60.189"><failure message="AssertionError: Expected 200, got 502: The preview environment is not responding. It may be starting up.&#10;  &#10;assert 502 == 200&#10; +  where 502 = &lt;Response [502]&gt;.status_code">backend/tests/test_iteration11_features.py:92: in test_playing_xi_endpoint_returns_venue_stats
    assert response.status_code == 200, f"Expected 200, got {response.status_code}: {response.text[:200]}"
E   AssertionError: Expected 200, got 502: The preview environment is not responding. It may be starting up.
E     
E   assert 502 == 200
E    +  where 502 = &lt;Response [502]&gt;.status_code</failure></testcase><testcase classname="backend.tests.test_iteration11_features.TestPlayingXIWithVenueStats" name="test_playing_xi_header_columns" time="0.308" /><testcase classname="backend.tests.test_iteration11_features.TestScheduleEndpoints" name="test_schedule_returns_all_matches" time="0.133" /><testcase classname="backend.tests.test_iteration11_features.TestScheduleEndpoints" name="test_schedule_categorization" time="0.168" /><testcase classname="backend.tests.test_iteration11_features.TestMatchState" name="test_match_state_returns_info" time="0.107" /><testcase classname="backend.tests.test_iteration11_features.TestAPIHealth" name="test_api_root" time="0.101" /><testcase classname="backend.tests.test_iteration11_features.TestAPIHealth" name="test_predictions_upcoming" time="0.119" /></testsuite></testsuites>