<?xml version="1.0" encoding="utf-8"?><testsuites name="pytest tests"><testsuite name="pytest" errors="0" failures="0" skipped="0" tests="10" time="51.056" timestamp="2026-04-05T10:41:26.066318+00:00" hostname="agent-env-c04530c5-e2d8-4df7-9745-07e632eb1b29"><testcase classname="backend.tests.test_iteration27_live_flow.TestLiveMatchDiscovery" name="test_refresh_live_status_returns_correct_structure" time="1.588" /><testcase classname="backend.tests.test_iteration27_live_flow.TestLiveMatchDiscovery" name="test_refresh_live_status_finds_csk_vs_srh" time="1.242" /><testcase classname="backend.tests.test_iteration27_live_flow.TestScheduleLiveStatus" name="test_schedule_shows_live_match" time="0.124" /><testcase classname="backend.tests.test_iteration27_live_flow.TestScheduleLiveStatus" name="test_schedule_counts" time="0.109" /><testcase classname="backend.tests.test_iteration27_live_flow.TestFetchLiveData" name="test_fetch_live_returns_sportmonks_data" time="12.523" /><testcase classname="backend.tests.test_iteration27_live_flow.TestFetchLiveData" name="test_fetch_live_returns_claude_prediction" time="11.542" /><testcase classname="backend.tests.test_iteration27_live_flow.TestFetchLiveData" name="test_fetch_live_returns_weighted_prediction" time="11.334" /><testcase classname="backend.tests.test_iteration27_live_flow.TestFetchLiveData" name="test_fetch_live_returns_yet_to_bat_bowl" time="11.623" /><testcase classname="backend.tests.test_iteration27_live_flow.TestCheckStatus" name="test_check_status_for_live_match" time="0.700" /><testcase classname="backend.tests.test_iteration27_live_flow.TestLiveCurrentEndpoint" name="test_live_current_returns_live_matches" time="0.098" /></testsuite></testsuites>