<?xml version="1.0" encoding="utf-8"?><testsuites name="pytest tests"><testsuite name="pytest" errors="0" failures="0" skipped="0" tests="10" time="2.517" timestamp="2026-04-11T16:35:36.120084+00:00" hostname="agent-env-c04530c5-e2d8-4df7-9745-07e632eb1b29"><testcase classname="tests.test_playing_xi_extraction" name="test_normal_xi_extraction" time="0.001" /><testcase classname="tests.test_playing_xi_extraction" name="test_substitution_flag_unreliable_with_scorecard" time="0.000" /><testcase classname="tests.test_playing_xi_extraction" name="test_no_pivot_data_scorecard_resolves" time="0.000" /><testcase classname="tests.test_playing_xi_extraction" name="test_impact_sub_within_cap" time="0.000" /><testcase classname="tests.test_playing_xi_extraction" name="test_empty_lineup" time="0.000" /><testcase classname="tests.test_playing_xi_extraction" name="test_second_innings_resolution" time="0.000" /><testcase classname="tests.test_filter_squads" name="test_hard_cap_applied" time="0.000" /><testcase classname="tests.test_filter_squads" name="test_normal_11_passes_through" time="0.000" /><testcase classname="tests.test_filter_squads" name="test_empty_playing_xi_falls_back_to_lineup" time="0.000" /><testcase classname="tests.test_filter_squads" name="test_no_data_returns_full_squads" time="0.000" /></testsuite></testsuites>