<?xml version="1.0" encoding="utf-8"?><testsuites name="pytest tests"><testsuite name="pytest" errors="0" failures="0" skipped="0" tests="13" time="32.165" timestamp="2026-04-07T11:06:10.315009+00:00" hostname="agent-env-c04530c5-e2d8-4df7-9745-07e632eb1b29"><testcase classname="backend.tests.test_iteration34_phase_weighting.TestPreMatchFormMomentumH2H" name="test_pre_match_prediction_has_form_data" time="0.736" /><testcase classname="backend.tests.test_iteration34_phase_weighting.TestPreMatchFormMomentumH2H" name="test_pre_match_prediction_has_momentum_data" time="0.999" /><testcase classname="backend.tests.test_iteration34_phase_weighting.TestPreMatchFormMomentumH2H" name="test_pre_match_prediction_factors_include_form_momentum" time="0.995" /><testcase classname="backend.tests.test_iteration34_phase_weighting.TestPreMatchFormMomentumH2H" name="test_h2h_factor_present" time="1.026" /><testcase classname="backend.tests.test_iteration34_phase_weighting.TestLiveFetchUserInputs" name="test_fetch_live_accepts_gut_feeling" time="2.039" /><testcase classname="backend.tests.test_iteration34_phase_weighting.TestLiveFetchUserInputs" name="test_fetch_live_accepts_current_betting_odds" time="16.380" /><testcase classname="backend.tests.test_iteration34_phase_weighting.TestLiveFetchUserInputs" name="test_fetch_live_accepts_both_user_inputs" time="2.197" /><testcase classname="backend.tests.test_iteration34_phase_weighting.TestSyncResultsEndpoint" name="test_sync_results_endpoint_exists" time="0.798" /><testcase classname="backend.tests.test_iteration34_phase_weighting.TestSyncResultsEndpoint" name="test_completed_matches_have_winners" time="0.107" /><testcase classname="backend.tests.test_iteration34_phase_weighting.TestPhaseBasedWeighting" name="test_live_predictor_phase_detection" time="3.527" /><testcase classname="backend.tests.test_iteration34_phase_weighting.TestPhaseBasedWeighting" name="test_combined_prediction_structure" time="2.169" /><testcase classname="backend.tests.test_iteration34_phase_weighting.TestFormServiceSkipsMatchesWithoutWinner" name="test_form_data_only_counts_matches_with_winners" time="0.936" /><testcase classname="backend.tests.test_iteration34_phase_weighting.TestAPIHealth" name="test_api_root" time="0.120" /></testsuite></testsuites>