<?xml version="1.0" encoding="utf-8"?><testsuites name="pytest tests"><testsuite name="pytest" errors="0" failures="0" skipped="0" tests="18" time="3.197" timestamp="2026-04-04T06:56:51.511076+00:00" hostname="agent-env-c04530c5-e2d8-4df7-9745-07e632eb1b29"><testcase classname="backend.tests.test_iteration14_features.TestConsultEndpointSimulation" name="test_simulation_not_100_0_probability" time="0.288" /><testcase classname="backend.tests.test_iteration14_features.TestConsultEndpointSimulation" name="test_simulation_has_predicted_scores" time="0.152" /><testcase classname="backend.tests.test_iteration14_features.TestConsultEndpointSimulation" name="test_simulation_50k_simulations" time="0.182" /><testcase classname="backend.tests.test_iteration14_features.TestConsultEndpointSimulation" name="test_simulation_batting_first_win_pct" time="0.160" /><testcase classname="backend.tests.test_iteration14_features.TestEdgeReasons" name="test_edge_reasons_populated_with_market_odds" time="0.202" /><testcase classname="backend.tests.test_iteration14_features.TestEdgeReasons" name="test_edge_reasons_explain_model_vs_market" time="0.157" /><testcase classname="backend.tests.test_iteration14_features.TestUpcomingMatchFeatures" name="test_upcoming_match_overs_zero" time="0.150" /><testcase classname="backend.tests.test_iteration14_features.TestUpcomingMatchFeatures" name="test_upcoming_match_score_zero" time="0.159" /><testcase classname="backend.tests.test_iteration14_features.TestVerdictSection" name="test_verdict_has_winner_and_strength" time="0.166" /><testcase classname="backend.tests.test_iteration14_features.TestVerdictSection" name="test_verdict_has_probability" time="0.176" /><testcase classname="backend.tests.test_iteration14_features.TestVerdictSection" name="test_value_signal_exists" time="0.162" /><testcase classname="backend.tests.test_iteration14_features.TestOddsVisual" name="test_odds_visual_has_model_percentages" time="0.169" /><testcase classname="backend.tests.test_iteration14_features.TestOddsVisual" name="test_odds_visual_has_market_percentages" time="0.182" /><testcase classname="backend.tests.test_iteration14_features.TestBettingScenarios" name="test_betting_scenarios_exist" time="0.151" /><testcase classname="backend.tests.test_iteration14_features.TestBettingScenarios" name="test_betting_scenarios_have_confidence" time="0.159" /><testcase classname="backend.tests.test_iteration14_features.TestPlayerImpact" name="test_player_impact_exists" time="0.162" /><testcase classname="backend.tests.test_iteration14_features.TestPlayerImpact" name="test_player_impact_has_required_fields" time="0.158" /><testcase classname="backend.tests.test_iteration14_features.TestDifferentMatches" name="test_match_ipl2026_011_csk_vs_rcb" time="0.165" /></testsuite></testsuites>