<?xml version="1.0" encoding="utf-8"?><testsuites name="pytest tests"><testsuite name="pytest" errors="0" failures="0" skipped="0" tests="20" time="7.875" timestamp="2026-04-06T18:39:28.250592+00:00" hostname="agent-env-c04530c5-e2d8-4df7-9745-07e632eb1b29"><testcase classname="tests.test_iteration32_comprehensive.TestHealthAndSchedule" name="test_api_health_check" time="0.275" /><testcase classname="tests.test_iteration32_comprehensive.TestHealthAndSchedule" name="test_schedule_returns_70_matches" time="0.140" /><testcase classname="tests.test_iteration32_comprehensive.TestHealthAndSchedule" name="test_schedule_matches_have_required_fields" time="0.169" /><testcase classname="tests.test_iteration32_comprehensive.TestHealthAndSchedule" name="test_schedule_first_match_is_rcb_vs_srh" time="0.166" /><testcase classname="tests.test_iteration32_comprehensive.TestHealthAndSchedule" name="test_seed_official_schedule" time="0.116" /><testcase classname="tests.test_iteration32_comprehensive.TestWeatherAPI" name="test_weather_for_mumbai" time="0.663" /><testcase classname="tests.test_iteration32_comprehensive.TestWeatherAPI" name="test_weather_for_bengaluru" time="0.628" /><testcase classname="tests.test_iteration32_comprehensive.TestWeatherAPI" name="test_match_weather_endpoint" time="0.603" /><testcase classname="tests.test_iteration32_comprehensive.TestNewsAPI" name="test_match_news_endpoint" time="0.594" /><testcase classname="tests.test_iteration32_comprehensive.TestMatchState" name="test_match_state_returns_schedule_info" time="0.107" /><testcase classname="tests.test_iteration32_comprehensive.TestMatchState" name="test_match_state_for_match_020" time="0.122" /><testcase classname="tests.test_iteration32_comprehensive.TestPreMatchPrediction" name="test_get_cached_prediction" time="0.208" /><testcase classname="tests.test_iteration32_comprehensive.TestPreMatchPrediction" name="test_generate_fresh_prediction" time="0.104" /><testcase classname="tests.test_iteration32_comprehensive.TestPreMatchPrediction" name="test_prediction_has_10_categories" time="0.161" /><testcase classname="tests.test_iteration32_comprehensive.TestLiveMatchEndpoints" name="test_fetch_live_endpoint_exists" time="1.762" /><testcase classname="tests.test_iteration32_comprehensive.TestLiveMatchEndpoints" name="test_refresh_claude_prediction_endpoint" time="0.129" /><testcase classname="tests.test_iteration32_comprehensive.TestLiveMatchEndpoints" name="test_check_status_endpoint" time="0.316" /><testcase classname="tests.test_iteration32_comprehensive.TestLiveMatchEndpoints" name="test_refresh_live_status_endpoint" time="1.020" /><testcase classname="tests.test_iteration32_comprehensive.TestUpcomingPredictions" name="test_upcoming_predictions" time="0.267" /><testcase classname="tests.test_iteration32_comprehensive.TestClaudeAnalysis" name="test_claude_analysis_get" time="0.194" /></testsuite></testsuites>