<?xml version="1.0" encoding="utf-8"?><testsuites name="pytest tests"><testsuite name="pytest" errors="0" failures="0" skipped="0" tests="10" time="1.504" timestamp="2026-04-04T08:59:30.489820+00:00" hostname="agent-env-c04530c5-e2d8-4df7-9745-07e632eb1b29"><testcase classname="backend.tests.test_iteration17_features.TestPlayingXIBackgroundFetch" name="test_playing_xi_post_returns_immediately" time="0.238" /><testcase classname="backend.tests.test_iteration17_features.TestPlayingXIBackgroundFetch" name="test_playing_xi_status_endpoint_exists" time="0.159" /><testcase classname="backend.tests.test_iteration17_features.TestFormFactorDamping" name="test_form_damping_formula" time="0.001" /><testcase classname="backend.tests.test_iteration17_features.TestRRvsGTPrediction" name="test_rr_vs_gt_prediction_favors_gt" time="0.131" /><testcase classname="backend.tests.test_iteration17_features.TestConsultationEndpoint" name="test_consult_returns_realistic_simulation_probs" time="0.203" /><testcase classname="backend.tests.test_iteration17_features.TestConsultationEndpoint" name="test_consult_returns_edge_reasons" time="0.194" /><testcase classname="backend.tests.test_iteration17_features.TestConsultationEndpoint" name="test_consult_player_impact_has_buzz_fields" time="0.164" /><testcase classname="backend.tests.test_iteration17_features.TestAPIHealth" name="test_api_root" time="0.111" /><testcase classname="backend.tests.test_iteration17_features.TestAPIHealth" name="test_schedule_endpoint" time="0.107" /><testcase classname="backend.tests.test_iteration17_features.TestAPIHealth" name="test_predictions_upcoming" time="0.118" /></testsuite></testsuites>