<?xml version="1.0" encoding="utf-8"?><testsuites name="pytest tests"><testsuite name="pytest" errors="0" failures="0" skipped="0" tests="25" time="231.697" timestamp="2026-04-04T06:19:36.044358+00:00" hostname="agent-env-c04530c5-e2d8-4df7-9745-07e632eb1b29"><testcase classname="backend.tests.test_iteration13_features.TestConsultEndpointVerdictObject" name="test_verdict_object_exists" time="49.433" /><testcase classname="backend.tests.test_iteration13_features.TestConsultEndpointVerdictObject" name="test_verdict_has_winner" time="0.000" /><testcase classname="backend.tests.test_iteration13_features.TestConsultEndpointVerdictObject" name="test_verdict_has_winner_short" time="0.000" /><testcase classname="backend.tests.test_iteration13_features.TestConsultEndpointVerdictObject" name="test_verdict_has_strength" time="0.000" /><testcase classname="backend.tests.test_iteration13_features.TestConsultEndpointVerdictObject" name="test_verdict_has_text" time="0.000" /><testcase classname="backend.tests.test_iteration13_features.TestConsultEndpointVerdictObject" name="test_verdict_has_winner_probability" time="0.000" /><testcase classname="backend.tests.test_iteration13_features.TestConsultEndpointBettingScenarios" name="test_betting_scenarios_exists" time="41.125" /><testcase classname="backend.tests.test_iteration13_features.TestConsultEndpointBettingScenarios" name="test_betting_scenarios_has_items" time="0.000" /><testcase classname="backend.tests.test_iteration13_features.TestConsultEndpointBettingScenarios" name="test_betting_scenario_structure" time="0.000" /><testcase classname="backend.tests.test_iteration13_features.TestConsultEndpointBettingScenarios" name="test_betting_scenario_type_values" time="0.000" /><testcase classname="backend.tests.test_iteration13_features.TestConsultEndpointBettingScenarios" name="test_betting_scenario_confidence_values" time="0.000" /><testcase classname="backend.tests.test_iteration13_features.TestConsultEndpointOddsVisual" name="test_odds_visual_exists" time="43.043" /><testcase classname="backend.tests.test_iteration13_features.TestConsultEndpointOddsVisual" name="test_odds_visual_has_model_pct" time="0.000" /><testcase classname="backend.tests.test_iteration13_features.TestConsultEndpointOddsVisual" name="test_odds_visual_has_market_pct" time="0.000" /><testcase classname="backend.tests.test_iteration13_features.TestConsultEndpointOddsVisual" name="test_odds_visual_has_edge" time="0.000" /><testcase classname="backend.tests.test_iteration13_features.TestConsultEndpointOddsVisual" name="test_odds_visual_has_fair_odds" time="0.000" /><testcase classname="backend.tests.test_iteration13_features.TestConsultEndpointOddsVisual" name="test_odds_visual_has_overround" time="0.000" /><testcase classname="backend.tests.test_iteration13_features.TestConsultEndpointSimulations" name="test_simulation_object_exists" time="52.830" /><testcase classname="backend.tests.test_iteration13_features.TestConsultEndpointSimulations" name="test_simulation_count_is_50000" time="0.000" /><testcase classname="backend.tests.test_iteration13_features.TestConsultEndpointTeamShortNames" name="test_team1short_is_csk" time="44.858" /><testcase classname="backend.tests.test_iteration13_features.TestConsultEndpointTeamShortNames" name="test_team2short_is_rcb" time="0.000" /><testcase classname="backend.tests.test_iteration13_features.TestConsultEndpointTeamShortNames" name="test_odds_visual_team_shorts" time="0.000" /><testcase classname="backend.tests.test_iteration13_features.TestConsultEndpointTeamShortNames" name="test_verdict_winner_short_is_valid" time="0.000" /><testcase classname="backend.tests.test_iteration13_features.TestHealthAndBasicEndpoints" name="test_api_health" time="0.147" /><testcase classname="backend.tests.test_iteration13_features.TestHealthAndBasicEndpoints" name="test_match_exists" time="0.129" /></testsuite></testsuites>