<?xml version="1.0" encoding="utf-8"?><testsuites name="pytest tests"><testsuite name="pytest" errors="0" failures="0" skipped="0" tests="12" time="37.035" timestamp="2026-04-07T06:24:46.049128+00:00" hostname="agent-env-c04530c5-e2d8-4df7-9745-07e632eb1b29"><testcase classname="backend.tests.test_iteration33_8category.TestScheduleSplit" name="test_schedule_returns_correct_split" time="0.247" /><testcase classname="backend.tests.test_iteration33_8category.TestScheduleSplit" name="test_upcoming_matches_have_future_dates" time="0.114" /><testcase classname="backend.tests.test_iteration33_8category.TestScheduleSplit" name="test_completed_matches_have_past_dates" time="0.148" /><testcase classname="backend.tests.test_iteration33_8category.TestScheduleSplit" name="test_no_future_dates_in_completed" time="0.112" /><testcase classname="backend.tests.test_iteration33_8category.TestPreMatchPrediction" name="test_prediction_returns_8_category_model" time="8.376" /><testcase classname="backend.tests.test_iteration33_8category.TestPreMatchPrediction" name="test_prediction_has_8_factors" time="0.754" /><testcase classname="backend.tests.test_iteration33_8category.TestPreMatchPrediction" name="test_prediction_has_playing_xi_with_squad_based_confidence" time="10.600" /><testcase classname="backend.tests.test_iteration33_8category.TestPreMatchPrediction" name="test_prediction_has_form_data" time="0.517" /><testcase classname="backend.tests.test_iteration33_8category.TestPreMatchPrediction" name="test_prediction_has_momentum_data" time="15.262" /><testcase classname="backend.tests.test_iteration33_8category.TestNewsAPI" name="test_news_endpoint_returns_articles" time="0.508" /><testcase classname="backend.tests.test_iteration33_8category.TestMatchInfo" name="test_match_state_has_city_and_time" time="0.113" /><testcase classname="backend.tests.test_iteration33_8category.TestAPIHealth" name="test_api_root" time="0.104" /></testsuite></testsuites>