<?xml version="1.0" encoding="utf-8"?><testsuites name="pytest tests"><testsuite name="pytest" errors="0" failures="0" skipped="0" tests="12" time="13.075" timestamp="2026-04-04T13:03:56.895816+00:00" hostname="agent-env-c04530c5-e2d8-4df7-9745-07e632eb1b29"><testcase classname="backend.tests.test_iteration22_features.TestIteration22Features" name="test_api_health" time="0.264" /><testcase classname="backend.tests.test_iteration22_features.TestIteration22Features" name="test_fetch_live_data_endpoint" time="4.639" /><testcase classname="backend.tests.test_iteration22_features.TestIteration22Features" name="test_get_cached_pre_match_prediction" time="0.125" /><testcase classname="backend.tests.test_iteration22_features.TestIteration22Features" name="test_get_cached_claude_analysis" time="0.126" /><testcase classname="backend.tests.test_iteration22_features.TestIteration22Features" name="test_schedule_endpoint" time="0.125" /><testcase classname="backend.tests.test_iteration22_features.TestIteration22Features" name="test_multiple_predictions_for_compare" time="1.225" /><testcase classname="backend.tests.test_iteration22_features.TestIteration22Features" name="test_cricapi_usage_endpoint" time="0.108" /><testcase classname="backend.tests.test_iteration22_features.TestIteration22Features" name="test_cricapi_cached_endpoint" time="0.109" /><testcase classname="backend.tests.test_iteration22_features.TestIteration22Features" name="test_scheduler_status_in_health" time="0.114" /><testcase classname="backend.tests.test_iteration22_features.TestComparePageEndpoints" name="test_batch_prediction_fetch" time="0.788" /><testcase classname="backend.tests.test_iteration22_features.TestComparePageEndpoints" name="test_prediction_structure_for_compare" time="0.201" /><testcase classname="backend.tests.test_iteration22_features.TestLiveDataFallback" name="test_fetch_live_returns_source" time="5.135" /></testsuite></testsuites>