<?xml version="1.0" encoding="utf-8"?><testsuites name="pytest tests"><testsuite name="pytest" errors="0" failures="0" skipped="0" tests="10" time="47.530" timestamp="2026-04-04T12:37:00.248151+00:00" hostname="agent-env-c04530c5-e2d8-4df7-9745-07e632eb1b29"><testcase classname="backend.tests.test_iteration21_claude_opus.TestClaudeOpusIntegration" name="test_api_root_shows_claude_opus_data_source" time="0.234" /><testcase classname="backend.tests.test_iteration21_claude_opus.TestClaudeOpusIntegration" name="test_claude_analysis_endpoint_returns_rich_data" time="0.140" /><testcase classname="backend.tests.test_iteration21_claude_opus.TestClaudeOpusIntegration" name="test_claude_analysis_has_team_tags_on_factors" time="0.106" /><testcase classname="backend.tests.test_iteration21_claude_opus.TestClaudeOpusIntegration" name="test_claude_live_endpoint_returns_realtime_analysis" time="16.000" /><testcase classname="backend.tests.test_iteration21_claude_opus.TestClaudeOpusIntegration" name="test_chat_endpoint_works_with_claude" time="7.401" /><testcase classname="backend.tests.test_iteration21_claude_opus.TestClaudeOpusIntegration" name="test_chat_with_different_risk_tolerances" time="22.930" /><testcase classname="backend.tests.test_iteration21_claude_opus.TestClaudeAnalysisCache" name="test_claude_analysis_is_cached" time="0.260" /><testcase classname="backend.tests.test_iteration21_claude_opus.TestClaudeAnalysisCache" name="test_claude_analysis_has_model_info" time="0.113" /><testcase classname="backend.tests.test_iteration21_claude_opus.TestMatchStateWithLiveData" name="test_match_state_returns_live_data" time="0.107" /><testcase classname="backend.tests.test_iteration21_claude_opus.TestWebScraperIntegration" name="test_api_indicates_web_scraping_source" time="0.108" /></testsuite></testsuites>