<?xml version="1.0" encoding="utf-8"?><testsuites name="pytest tests"><testsuite name="pytest" errors="0" failures="0" skipped="0" tests="7" time="132.785" timestamp="2026-04-09T14:22:43.057250+00:00" hostname="agent-env-c04530c5-e2d8-4df7-9745-07e632eb1b29"><testcase classname="backend.tests.test_iteration38_playing_xi_filtering.TestHealthCheck" name="test_health_check_returns_valid_response" time="0.288" /><testcase classname="backend.tests.test_iteration38_playing_xi_filtering.TestPreMatchPredictWithForce" name="test_pre_match_predict_with_force_returns_playing_xi" time="1.196" /><testcase classname="backend.tests.test_iteration38_playing_xi_filtering.TestPreMatchPredictWithForce" name="test_pre_match_predict_returns_valid_prediction" time="0.893" /><testcase classname="backend.tests.test_iteration38_playing_xi_filtering.TestPreMatchPredictCached" name="test_pre_match_predict_without_force_returns_cached" time="1.090" /><testcase classname="backend.tests.test_iteration38_playing_xi_filtering.TestFetchLiveEndpoint" name="test_fetch_live_returns_valid_response" time="48.191" /><testcase classname="backend.tests.test_iteration38_playing_xi_filtering.TestRefreshClaudePrediction" name="test_refresh_claude_prediction_returns_valid_response" time="79.474" /><testcase classname="backend.tests.test_iteration38_playing_xi_filtering.TestPlayingXIFilteringLogic" name="test_playing_xi_not_full_squad" time="1.566" /></testsuite></testsuites>