<?xml version="1.0" encoding="utf-8"?><testsuites name="pytest tests"><testsuite name="pytest" errors="0" failures="0" skipped="0" tests="10" time="4.991" timestamp="2026-04-04T20:26:36.581966+00:00" hostname="agent-env-c04530c5-e2d8-4df7-9745-07e632eb1b29"><testcase classname="tests.test_iteration26_features.TestCheckStatusEndpoint" name="test_check_status_returns_required_fields" time="0.538" /><testcase classname="tests.test_iteration26_features.TestCheckStatusEndpoint" name="test_check_status_invalid_match" time="0.106" /><testcase classname="tests.test_iteration26_features.TestLiveCurrentEndpoint" name="test_live_current_returns_required_structure" time="0.344" /><testcase classname="tests.test_iteration26_features.TestComputeWeightedPrediction" name="test_weighted_prediction_formula_with_mock_data" time="2.372" /><testcase classname="tests.test_iteration26_features.TestComputeWeightedPrediction" name="test_weighted_prediction_returns_none_without_data" time="0.000" /><testcase classname="tests.test_iteration26_features.TestComputeWeightedPrediction" name="test_alpha_calculation_first_innings" time="0.000" /><testcase classname="tests.test_iteration26_features.TestRefreshClaudePredictionEndpoint" name="test_refresh_claude_returns_both_predictions" time="0.103" /><testcase classname="tests.test_iteration26_features.TestFetchLiveEndpoint" name="test_fetch_live_returns_weighted_prediction_field" time="1.227" /><testcase classname="tests.test_iteration26_features.TestHealthAndBasicEndpoints" name="test_api_health" time="0.104" /><testcase classname="tests.test_iteration26_features.TestHealthAndBasicEndpoints" name="test_match_state_endpoint" time="0.106" /></testsuite></testsuites>