<?xml version="1.0" encoding="utf-8"?><testsuites name="pytest tests"><testsuite name="pytest" errors="0" failures="0" skipped="0" tests="12" time="1.050" timestamp="2026-04-06T12:41:10.006731+00:00" hostname="agent-env-c04530c5-e2d8-4df7-9745-07e632eb1b29"><testcase classname="tests.test_iteration30_10category_model.TestHealthCheck" name="test_api_health" time="0.250" /><testcase classname="tests.test_iteration30_10category_model.TestTenCategoryModel" name="test_weights_sum_to_one" time="0.001" /><testcase classname="tests.test_iteration30_10category_model.TestTenCategoryModel" name="test_compute_prediction_returns_10_factors" time="0.000" /><testcase classname="tests.test_iteration30_10category_model.TestTossLookup" name="test_toss_lookup_contains_required_venues" time="0.000" /><testcase classname="tests.test_iteration30_10category_model.TestTossLookup" name="test_toss_lookup_structure" time="0.000" /><testcase classname="tests.test_iteration30_10category_model.TestInjuryOverrideAPI" name="test_post_injury_override" time="0.117" /><testcase classname="tests.test_iteration30_10category_model.TestInjuryOverrideAPI" name="test_get_injury_overrides" time="0.124" /><testcase classname="tests.test_iteration30_10category_model.TestInjuryOverrideAPI" name="test_delete_injury_override" time="0.255" /><testcase classname="tests.test_iteration30_10category_model.TestAIServicePrompts" name="test_fetch_pre_match_stats_prompt_includes_injuries" time="0.000" /><testcase classname="tests.test_iteration30_10category_model.TestAIServicePrompts" name="test_fetch_pre_match_stats_enforces_2023_2026_constraint" time="0.000" /><testcase classname="tests.test_iteration30_10category_model.TestPreMatchPredictEndpoint" name="test_pre_match_predict_returns_10_factors" time="0.119" /><testcase classname="tests.test_iteration30_10category_model.TestInjuryOverrideIntegration" name="test_injury_overrides_affect_prediction" time="0.000" /></testsuite></testsuites>