<?xml version="1.0" encoding="utf-8"?><testsuites name="pytest tests"><testsuite name="pytest" errors="0" failures="0" skipped="0" tests="8" time="1.261" timestamp="2026-04-04T11:10:34.973366+00:00" hostname="agent-env-c04530c5-e2d8-4df7-9745-07e632eb1b29"><testcase classname="backend.tests.test_iteration20_score_layout.TestScoreOnMatchCards" name="test_schedule_returns_score_field" time="0.177" /><testcase classname="backend.tests.test_iteration20_score_layout.TestScoreOnMatchCards" name="test_mi_dc_match_has_correct_score" time="0.158" /><testcase classname="backend.tests.test_iteration20_score_layout.TestScoreOnMatchCards" name="test_rr_gt_match_no_score" time="0.103" /><testcase classname="backend.tests.test_iteration20_score_layout.TestSchedulerPromoteNow" name="test_promote_now_returns_success" time="0.135" /><testcase classname="backend.tests.test_iteration20_score_layout.TestSchedulerPromoteNow" name="test_promote_now_syncs_scores" time="0.215" /><testcase classname="backend.tests.test_iteration20_score_layout.TestMatchState" name="test_match_state_has_live_data" time="0.117" /><testcase classname="backend.tests.test_iteration20_score_layout.TestLiveMatchesCount" name="test_two_live_matches" time="0.140" /><testcase classname="backend.tests.test_iteration20_score_layout.TestHealthEndpoint" name="test_health_shows_scheduler_active" time="0.101" /></testsuite></testsuites>