<?xml version="1.0" encoding="utf-8"?><testsuites name="pytest tests"><testsuite name="pytest" errors="0" failures="0" skipped="0" tests="10" time="10.698" timestamp="2026-04-04T10:49:56.399854+00:00" hostname="agent-env-c04530c5-e2d8-4df7-9745-07e632eb1b29"><testcase classname="backend.tests.test_iteration19_live_features.TestSchedulerAndLiveFeatures" name="test_health_endpoint_scheduler_info" time="0.206" /><testcase classname="backend.tests.test_iteration19_live_features.TestSchedulerAndLiveFeatures" name="test_scheduler_promote_now_endpoint" time="0.105" /><testcase classname="backend.tests.test_iteration19_live_features.TestSchedulerAndLiveFeatures" name="test_schedule_shows_live_matches" time="0.106" /><testcase classname="backend.tests.test_iteration19_live_features.TestChatWithLiveContext" name="test_chat_returns_enriched_answer" time="4.831" /><testcase classname="backend.tests.test_iteration19_live_features.TestChatWithLiveContext" name="test_chat_consultation_summary_structure" time="4.825" /><testcase classname="backend.tests.test_iteration19_live_features.TestMatchStateWithLiveData" name="test_match_state_has_live_data" time="0.093" /><testcase classname="backend.tests.test_iteration19_live_features.TestMatchStateWithLiveData" name="test_match_state_has_batsmen_and_bowler" time="0.099" /><testcase classname="backend.tests.test_iteration19_live_features.TestMatchStateWithLiveData" name="test_match_state_has_projected_score" time="0.132" /><testcase classname="backend.tests.test_iteration19_live_features.TestMatchStateWithLiveData" name="test_match_state_has_algorithm_probabilities" time="0.102" /><testcase classname="backend.tests.test_iteration19_live_features.TestLiveMatchPromotion" name="test_promoted_match_has_live_status" time="0.114" /></testsuite></testsuites>