<?xml version="1.0" encoding="utf-8"?><testsuites name="pytest tests"><testsuite name="pytest" errors="0" failures="0" skipped="0" tests="32" time="26.491" timestamp="2026-04-06T14:50:17.554908+00:00" hostname="agent-env-c04530c5-e2d8-4df7-9745-07e632eb1b29"><testcase classname="tests.test_iteration31_live_predictor_fixes.TestLivePredictorFixes" name="test_compute_alpha_at_0_balls_returns_085" time="0.001" /><testcase classname="tests.test_iteration31_live_predictor_fixes.TestLivePredictorFixes" name="test_compute_alpha_at_60_balls_inn1" time="0.000" /><testcase classname="tests.test_iteration31_live_predictor_fixes.TestLivePredictorFixes" name="test_compute_alpha_at_120_balls_end_inn1" time="0.000" /><testcase classname="tests.test_iteration31_live_predictor_fixes.TestLivePredictorFixes" name="test_compute_alpha_at_180_balls_mid_inn2" time="0.000" /><testcase classname="tests.test_iteration31_live_predictor_fixes.TestLivePredictorFixes" name="test_compute_alpha_at_240_balls_end_match" time="0.000" /><testcase classname="tests.test_iteration31_live_predictor_fixes.TestLivePredictorFixes" name="test_compute_alpha_never_below_005" time="0.000" /><testcase classname="tests.test_iteration31_live_predictor_fixes.TestLivePredictorFixes" name="test_h_weights_sum_to_1" time="0.000" /><testcase classname="tests.test_iteration31_live_predictor_fixes.TestLivePredictorFixes" name="test_h2h_weight_is_010" time="0.000" /><testcase classname="tests.test_iteration31_live_predictor_fixes.TestLivePredictorFixes" name="test_venue_weight_is_028" time="0.000" /><testcase classname="tests.test_iteration31_live_predictor_fixes.TestLivePredictorFixes" name="test_form_weight_is_025" time="0.000" /><testcase classname="tests.test_iteration31_live_predictor_fixes.TestLivePredictorFixes" name="test_compute_squad_strength_differential_exists" time="0.000" /><testcase classname="tests.test_iteration31_live_predictor_fixes.TestLivePredictorFixes" name="test_squad_strength_returns_05_for_empty_data" time="0.000" /><testcase classname="tests.test_iteration31_live_predictor_fixes.TestLivePredictorFixes" name="test_squad_strength_returns_05_for_equal_teams" time="0.000" /><testcase classname="tests.test_iteration31_live_predictor_fixes.TestLivePredictorFixes" name="test_squad_strength_weight_is_022" time="0.000" /><testcase classname="tests.test_iteration31_live_predictor_fixes.TestLivePredictorFixes" name="test_venue_par_scores_dict_exists" time="0.000" /><testcase classname="tests.test_iteration31_live_predictor_fixes.TestLivePredictorFixes" name="test_wankhede_par_is_178" time="0.000" /><testcase classname="tests.test_iteration31_live_predictor_fixes.TestLivePredictorFixes" name="test_chinnaswamy_par_is_195" time="0.000" /><testcase classname="tests.test_iteration31_live_predictor_fixes.TestLivePredictorFixes" name="test_chepauk_par_is_158" time="0.000" /><testcase classname="tests.test_iteration31_live_predictor_fixes.TestLivePredictorFixes" name="test_venue_profile_contains_required_fields" time="0.000" /><testcase classname="tests.test_iteration31_live_predictor_fixes.TestLivePredictorFixes" name="test_get_venue_profile_function" time="0.000" /><testcase classname="tests.test_iteration31_live_predictor_fixes.TestLivePredictorFixes" name="test_get_venue_profile_default" time="0.000" /><testcase classname="tests.test_iteration31_live_predictor_fixes.TestLivePredictorFixes" name="test_compute_live_prediction_returns_alpha" time="0.000" /><testcase classname="tests.test_iteration31_live_predictor_fixes.TestLivePredictorFixes" name="test_compute_live_prediction_returns_H_and_L" time="0.000" /><testcase classname="tests.test_iteration31_live_predictor_fixes.TestLivePredictorFixes" name="test_compute_live_prediction_returns_H_breakdown" time="0.000" /><testcase classname="tests.test_iteration31_live_predictor_fixes.TestLivePredictorFixes" name="test_compute_live_prediction_returns_L_breakdown" time="0.000" /><testcase classname="tests.test_iteration31_live_predictor_fixes.TestLivePredictorFixes" name="test_compute_live_prediction_returns_venue_profile" time="0.000" /><testcase classname="tests.test_iteration31_live_predictor_fixes.TestServerIntegration" name="test_api_health_check" time="0.280" /><testcase classname="tests.test_iteration31_live_predictor_fixes.TestServerIntegration" name="test_server_imports_compute_live_prediction" time="0.000" /><testcase classname="tests.test_iteration31_live_predictor_fixes.TestServerIntegration" name="test_server_passes_xi_data_to_compute_live_prediction" time="0.000" /><testcase classname="tests.test_iteration31_live_predictor_fixes.TestServerIntegration" name="test_fetch_live_endpoint_exists" time="12.807" /><testcase classname="tests.test_iteration31_live_predictor_fixes.TestLiveMatchAPI" name="test_fetch_live_returns_weighted_prediction" time="13.132" /><testcase classname="tests.test_iteration31_live_predictor_fixes.TestLiveMatchAPI" name="test_match_state_endpoint" time="0.151" /></testsuite></testsuites>