<?xml version="1.0" encoding="utf-8"?><testsuites name="pytest tests"><testsuite name="pytest" errors="0" failures="1" skipped="0" tests="16" time="62.726" timestamp="2026-04-03T20:15:59.313194+00:00" hostname="agent-env-c04530c5-e2d8-4df7-9745-07e632eb1b29"><testcase classname="backend.tests.test_iteration10_features.TestRepredictEndpoints" name="test_repredict_status_endpoint_exists" time="0.269" /><testcase classname="backend.tests.test_iteration10_features.TestRepredictEndpoints" name="test_repredict_all_endpoint_exists" time="0.140" /><testcase classname="backend.tests.test_iteration10_features.TestRepredictEndpoints" name="test_repredict_status_has_required_fields" time="0.128" /><testcase classname="backend.tests.test_iteration10_features.TestPlayingXIInPrediction" name="test_match_has_playing_xi_field" time="0.134" /><testcase classname="backend.tests.test_iteration10_features.TestPlayingXIInPrediction" name="test_playing_xi_has_team_arrays" time="0.135" /><testcase classname="backend.tests.test_iteration10_features.TestPlayingXIInPrediction" name="test_playing_xi_has_11_players_each" time="0.222" /><testcase classname="backend.tests.test_iteration10_features.TestPlayingXIInPrediction" name="test_players_have_luck_factor" time="0.142" /><testcase classname="backend.tests.test_iteration10_features.TestPlayingXIInPrediction" name="test_players_have_expected_performance" time="0.156" /><testcase classname="backend.tests.test_iteration10_features.TestOddsDirection" name="test_match_has_odds_direction_field" time="0.128" /><testcase classname="backend.tests.test_iteration10_features.TestOddsDirection" name="test_odds_direction_has_team_directions" time="0.157" /><testcase classname="backend.tests.test_iteration10_features.TestOddsDirection" name="test_odds_direction_has_change_values" time="0.153" /><testcase classname="backend.tests.test_iteration10_features.TestOddsDirection" name="test_odds_direction_has_previous_probabilities" time="0.124" /><testcase classname="backend.tests.test_iteration10_features.TestForceRepredict" name="test_force_repredict_endpoint" time="60.151"><failure message="assert 502 == 200&#10; +  where 502 = &lt;Response [502]&gt;.status_code">backend/tests/test_iteration10_features.py:199: in test_force_repredict_endpoint
    assert response.status_code == 200
E   assert 502 == 200
E    +  where 502 = &lt;Response [502]&gt;.status_code</failure></testcase><testcase classname="backend.tests.test_iteration10_features.TestForceRepredict" name="test_force_repredict_updates_computed_at" time="0.273" /><testcase classname="backend.tests.test_iteration10_features.TestAPIHealth" name="test_api_root" time="0.149" /><testcase classname="backend.tests.test_iteration10_features.TestAPIHealth" name="test_predictions_upcoming_endpoint" time="0.153" /></testsuite></testsuites>