<?xml version="1.0" encoding="utf-8"?><testsuites name="pytest tests"><testsuite name="pytest" errors="0" failures="0" skipped="0" tests="13" time="2.376" timestamp="2026-04-04T08:19:39.417329+00:00" hostname="agent-env-c04530c5-e2d8-4df7-9745-07e632eb1b29"><testcase classname="backend.tests.test_iteration15_features.TestConsultationEndpoint" name="test_consult_returns_realistic_probabilities" time="0.296" /><testcase classname="backend.tests.test_iteration15_features.TestConsultationEndpoint" name="test_probabilities_sum_to_one" time="0.187" /><testcase classname="backend.tests.test_iteration15_features.TestConsultationEndpoint" name="test_predicted_scores_populated" time="0.151" /><testcase classname="backend.tests.test_iteration15_features.TestConsultationEndpoint" name="test_edge_reasons_non_empty" time="0.182" /><testcase classname="backend.tests.test_iteration15_features.TestConsultationEndpoint" name="test_player_impact_team_names_match" time="0.190" /><testcase classname="backend.tests.test_iteration15_features.TestConsultationEndpoint" name="test_simulation_runs_50k" time="0.186" /><testcase classname="backend.tests.test_iteration15_features.TestConsultationEndpoint" name="test_p10_p90_range_exists" time="0.162" /><testcase classname="backend.tests.test_iteration15_features.TestConsultationEndpoint" name="test_verdict_section_exists" time="0.148" /><testcase classname="backend.tests.test_iteration15_features.TestConsultationEndpoint" name="test_value_signal_exists" time="0.186" /><testcase classname="backend.tests.test_iteration15_features.TestConsultationEndpoint" name="test_features_for_upcoming_match" time="0.151" /><testcase classname="backend.tests.test_iteration15_features.TestScheduleEndpoint" name="test_schedule_loads" time="0.122" /><testcase classname="backend.tests.test_iteration15_features.TestScheduleEndpoint" name="test_match_ipl2026_008_exists" time="0.149" /><testcase classname="backend.tests.test_iteration15_features.TestPreMatchPrediction" name="test_pre_match_prediction_exists" time="0.148" /></testsuite></testsuites>