<?xml version="1.0" encoding="utf-8"?><testsuites name="pytest tests"><testsuite name="pytest" errors="0" failures="1" skipped="0" tests="17" time="2.986" timestamp="2026-04-04T10:15:07.965362+00:00" hostname="agent-env-c04530c5-e2d8-4df7-9745-07e632eb1b29"><testcase classname="backend.tests.test_iteration18_baatu11.TestBaatu11Rename" name="test_api_root_returns_baatu_11" time="0.253" /><testcase classname="backend.tests.test_iteration18_baatu11.TestElevenFactorModel" name="test_consult_returns_11_factor_model_source" time="0.173" /><testcase classname="backend.tests.test_iteration18_baatu11.TestElevenFactorModel" name="test_consult_returns_11_factors_in_pre_match_factors" time="0.162" /><testcase classname="backend.tests.test_iteration18_baatu11.TestElevenFactorModel" name="test_new_factors_have_correct_weights" time="0.191" /><testcase classname="backend.tests.test_iteration18_baatu11.TestNewFactorDetails" name="test_toss_impact_factor_details" time="0.157" /><testcase classname="backend.tests.test_iteration18_baatu11.TestNewFactorDetails" name="test_pitch_conditions_factor_details" time="0.157" /><testcase classname="backend.tests.test_iteration18_baatu11.TestNewFactorDetails" name="test_key_matchups_factor_details" time="0.167" /><testcase classname="backend.tests.test_iteration18_baatu11.TestNewFactorDetails" name="test_death_overs_factor_details" time="0.185" /><testcase classname="backend.tests.test_iteration18_baatu11.TestNewFactorDetails" name="test_powerplay_factor_details" time="0.192" /><testcase classname="backend.tests.test_iteration18_baatu11.TestNewFactorDetails" name="test_momentum_factor_details" time="0.158" /><testcase classname="backend.tests.test_iteration18_baatu11.TestSimulationAndEdge" name="test_simulation_returns_realistic_probabilities" time="0.157" /><testcase classname="backend.tests.test_iteration18_baatu11.TestSimulationAndEdge" name="test_simulation_returns_mean_scores" time="0.167" /><testcase classname="backend.tests.test_iteration18_baatu11.TestSimulationAndEdge" name="test_edge_reasons_populated" time="0.155" /><testcase classname="backend.tests.test_iteration18_baatu11.TestPlayerImpact" name="test_player_impact_has_buzz_fields" time="0.156" /><testcase classname="backend.tests.test_iteration18_baatu11.TestRRvsGTPrediction" name="test_rr_vs_gt_shows_gt_winning" time="0.158"><failure message="AssertionError: Expected GT to be winning, but verdict shows: Rajasthan Royals at 57.6%&#10;assert ('Gujarat' in 'Rajasthan Royals' or 'GT' in 'Rajasthan Royals' or (57.6 &gt; 50 and 'Rajasthan' not in 'Rajasthan Royals'&#10;  &#10;  'Rajasthan' is contained here:&#10;    Rajasthan Royals))">backend/tests/test_iteration18_baatu11.py:324: in test_rr_vs_gt_shows_gt_winning
    assert "Gujarat" in winner or "GT" in winner or winner_prob &gt; 50 and "Rajasthan" not in winner, \
E   AssertionError: Expected GT to be winning, but verdict shows: Rajasthan Royals at 57.6%
E   assert ('Gujarat' in 'Rajasthan Royals' or 'GT' in 'Rajasthan Royals' or (57.6 &gt; 50 and 'Rajasthan' not in 'Rajasthan Royals'
E     
E     'Rajasthan' is contained here:
E       Rajasthan Royals))</failure></testcase><testcase classname="backend.tests.test_iteration18_baatu11.TestPlayingXIBackgroundTask" name="test_playing_xi_post_returns_started" time="0.105" /><testcase classname="backend.tests.test_iteration18_baatu11.TestPlayingXIBackgroundTask" name="test_playing_xi_status_returns_running_or_done" time="0.137" /></testsuite></testsuites>