<?xml version="1.0" encoding="utf-8"?><testsuites name="pytest tests"><testsuite name="pytest" errors="0" failures="2" skipped="0" tests="11" time="3.479" timestamp="2026-04-06T10:57:56.098923+00:00" hostname="agent-env-c04530c5-e2d8-4df7-9745-07e632eb1b29"><testcase classname="backend.tests.test_iteration29_dual_prediction.TestBackendHealth" name="test_api_health" time="2.267" /><testcase classname="backend.tests.test_iteration29_dual_prediction.TestBackendHealth" name="test_schedule_endpoint" time="0.141" /><testcase classname="backend.tests.test_iteration29_dual_prediction.TestBackendHealth" name="test_predictions_upcoming" time="0.242" /><testcase classname="backend.tests.test_iteration29_dual_prediction.TestPreMatchPrediction5Factor" name="test_prematch_prediction_structure" time="0.223"><failure message="AssertionError: Missing factor: squad_strength&#10;assert 'squad_strength' in {'death_overs': {'logit_contribution': 0.0, 'team1_avg_conceded': 48, 'team1_avg_score': 45, 'team1_net': -3, ...}, 'form': {'damping': 0.4, 'logit_contribution': -0.096, 'player_form_logit': 0.0, 'team1_last5_losses': 2, ...}, 'h2h': {'logit_contribution': -0.0514, 'no_result': 0, 'ratio': 0.286, 'team1_wins': 2, ...}, 'home_advantage': {'logit_contribution': 0.018, 'weight': 0.06}, ...}">backend/tests/test_iteration29_dual_prediction.py:68: in test_prematch_prediction_structure
    assert factor in factors, f"Missing factor: {factor}"
E   AssertionError: Missing factor: squad_strength
E   assert 'squad_strength' in {'death_overs': {'logit_contribution': 0.0, 'team1_avg_conceded': 48, 'team1_avg_score': 45, 'team1_net': -3, ...}, 'form': {'damping': 0.4, 'logit_contribution': -0.096, 'player_form_logit': 0.0, 'team1_last5_losses': 2, ...}, 'h2h': {'logit_contribution': -0.0514, 'no_result': 0, 'ratio': 0.286, 'team1_wins': 2, ...}, 'home_advantage': {'logit_contribution': 0.018, 'weight': 0.06}, ...}</failure></testcase><testcase classname="backend.tests.test_iteration29_dual_prediction.TestPreMatchPrediction5Factor" name="test_prematch_factor_weights" time="0.221"><failure message="AssertionError: Factor form: expected weight 0.35, got 0.12&#10;assert 0.12 == 0.35">backend/tests/test_iteration29_dual_prediction.py:94: in test_prematch_factor_weights
    assert actual_weight == expected_weight, f"Factor {factor_name}: expected weight {expected_weight}, got {actual_weight}"
E   AssertionError: Factor form: expected weight 0.35, got 0.12
E   assert 0.12 == 0.35</failure></testcase><testcase classname="backend.tests.test_iteration29_dual_prediction.TestLivePrediction6Factor" name="test_live_predictor_import" time="0.001" /><testcase classname="backend.tests.test_iteration29_dual_prediction.TestLivePrediction6Factor" name="test_live_predictor_weights" time="0.000" /><testcase classname="backend.tests.test_iteration29_dual_prediction.TestLivePrediction6Factor" name="test_live_predictor_breakdown" time="0.000" /><testcase classname="backend.tests.test_iteration29_dual_prediction.TestClaudePrompts2023_2026" name="test_ai_service_prompts_contain_constraint" time="0.000" /><testcase classname="backend.tests.test_iteration29_dual_prediction.TestPreMatchPredictorModule" name="test_compute_prediction_function" time="0.000" /><testcase classname="backend.tests.test_iteration29_dual_prediction.TestCombinedPredictionData" name="test_prediction_data_for_combined_block" time="0.158" /></testsuite></testsuites>