<?xml version="1.0" encoding="utf-8"?><testsuites name="pytest tests"><testsuite name="pytest" errors="0" failures="0" skipped="0" tests="10" time="111.227" timestamp="2026-04-05T14:44:27.919061+00:00" hostname="agent-env-c04530c5-e2d8-4df7-9745-07e632eb1b29"><testcase classname="backend.tests.test_iteration28_7_live_factors.TestSevenLiveFactors" name="test_api_health" time="2.708" /><testcase classname="backend.tests.test_iteration28_7_live_factors.TestSevenLiveFactors" name="test_get_live_match" time="0.156" /><testcase classname="backend.tests.test_iteration28_7_live_factors.TestSevenLiveFactors" name="test_fetch_live_returns_7_factors" time="12.708" /><testcase classname="backend.tests.test_iteration28_7_live_factors.TestSevenLiveFactors" name="test_live_context_returned" time="14.168" /><testcase classname="backend.tests.test_iteration28_7_live_factors.TestSevenLiveFactors" name="test_factor_values_in_range" time="12.416" /><testcase classname="backend.tests.test_iteration28_7_live_factors.TestSevenLiveFactors" name="test_l_value_formula" time="13.332" /><testcase classname="backend.tests.test_iteration28_7_live_factors.TestSevenLiveFactors" name="test_historical_factors_present" time="13.171" /><testcase classname="backend.tests.test_iteration28_7_live_factors.TestSevenLiveFactors" name="test_alpha_and_h_l_values" time="16.324" /><testcase classname="backend.tests.test_iteration28_7_live_factors.TestSevenLiveFactors" name="test_team_percentages_sum_to_100" time="12.880" /><testcase classname="backend.tests.test_iteration28_7_live_factors.TestEdgeCases" name="test_first_innings_no_rrr" time="13.254" /></testsuite></testsuites>