<?xml version="1.0" encoding="utf-8"?><testsuites name="pytest tests"><testsuite name="pytest" errors="0" failures="0" skipped="0" tests="12" time="1.712" timestamp="2026-04-04T08:40:17.710199+00:00" hostname="agent-env-c04530c5-e2d8-4df7-9745-07e632eb1b29"><testcase classname="backend.tests.test_iteration16_features.TestApplyBuzzAndLuckFunction" name="test_buzz_modifier_calculation" time="0.191" /><testcase classname="backend.tests.test_iteration16_features.TestApplyBuzzAndLuckFunction" name="test_expected_runs_adjusted_by_formula" time="0.127" /><testcase classname="backend.tests.test_iteration16_features.TestConsultEndpointPlayerImpact" name="test_consult_returns_player_impact_with_buzz_fields" time="0.149" /><testcase classname="backend.tests.test_iteration16_features.TestConsultEndpointPlayerImpact" name="test_player_impact_has_predicted_runs_and_wickets" time="0.160" /><testcase classname="backend.tests.test_iteration16_features.TestBackwardCompatibility" name="test_buzz_score_defaults_to_zero_for_legacy" time="0.156" /><testcase classname="backend.tests.test_iteration16_features.TestBackwardCompatibility" name="test_buzz_confidence_backward_compat" time="0.121" /><testcase classname="backend.tests.test_iteration16_features.TestSimulationRealisticProbabilities" name="test_simulation_not_100_0" time="0.176" /><testcase classname="backend.tests.test_iteration16_features.TestSimulationRealisticProbabilities" name="test_simulation_has_predicted_scores" time="0.150" /><testcase classname="backend.tests.test_iteration16_features.TestEdgeReasons" name="test_edge_reasons_non_empty" time="0.151" /><testcase classname="backend.tests.test_iteration16_features.TestPlayingXIBuzzFields" name="test_playing_xi_has_buzz_fields" time="0.122" /><testcase classname="backend.tests.test_iteration16_features.TestPlayingXIBuzzFields" name="test_playing_xi_has_expected_performance" time="0.130" /><testcase classname="backend.tests.test_iteration16_features.TestUserGuide" name="test_user_guide_sections_count" time="0.000" /></testsuite></testsuites>