<?xml version="1.0" encoding="utf-8"?><testsuites name="pytest tests"><testsuite name="pytest" errors="0" failures="0" skipped="0" tests="11" time="3.566" timestamp="2026-04-05T06:31:36.397447+00:00" hostname="agent-env-c04530c5-e2d8-4df7-9745-07e632eb1b29"><testcase classname="backend.tests.test_iteration26_live_refresh.TestLiveRefreshStatus" name="test_api_health" time="0.166" /><testcase classname="backend.tests.test_iteration26_live_refresh.TestLiveRefreshStatus" name="test_schedule_counts" time="0.109" /><testcase classname="backend.tests.test_iteration26_live_refresh.TestLiveRefreshStatus" name="test_live_current_endpoint" time="0.414" /><testcase classname="backend.tests.test_iteration26_live_refresh.TestLiveRefreshStatus" name="test_refresh_live_status_no_live_matches" time="0.107" /><testcase classname="backend.tests.test_iteration26_live_refresh.TestLiveRefreshStatus" name="test_check_status_for_completed_match" time="0.340" /><testcase classname="backend.tests.test_iteration26_live_refresh.TestLiveRefreshStatus" name="test_check_status_for_upcoming_match" time="0.367" /><testcase classname="backend.tests.test_iteration26_live_refresh.TestLiveRefreshStatus" name="test_check_status_invalid_match" time="0.096" /><testcase classname="backend.tests.test_iteration26_live_refresh.TestCompletedMatchesVerification" name="test_ipl2026_008_is_completed" time="0.171" /><testcase classname="backend.tests.test_iteration26_live_refresh.TestCompletedMatchesVerification" name="test_ipl2026_009_is_completed" time="0.106" /><testcase classname="backend.tests.test_iteration26_live_refresh.TestModelConsensusBackend" name="test_fetch_live_returns_weighted_prediction" time="1.416" /><testcase classname="backend.tests.test_iteration26_live_refresh.TestModelConsensusBackend" name="test_match_state_endpoint" time="0.105" /></testsuite></testsuites>