<?xml version="1.0" encoding="utf-8"?><testsuites name="pytest tests"><testsuite name="pytest" errors="0" failures="0" skipped="0" tests="8" time="13.767" timestamp="2026-04-11T08:17:31.496582+00:00" hostname="agent-env-c04530c5-e2d8-4df7-9745-07e632eb1b29"><testcase classname="backend.tests.test_iteration40_schedule_fixes.TestScheduleCategorization" name="test_schedule_counts" time="0.248" /><testcase classname="backend.tests.test_iteration40_schedule_fixes.TestScheduleCategorization" name="test_completed_matches_have_winners" time="0.110" /><testcase classname="backend.tests.test_iteration40_schedule_fixes.TestScheduleCategorization" name="test_no_future_dates_in_completed" time="0.113" /><testcase classname="backend.tests.test_iteration40_schedule_fixes.TestSyncResults" name="test_sync_results_no_false_completions" time="1.097" /><testcase classname="backend.tests.test_iteration40_schedule_fixes.TestPlayingXIRefresh" name="test_playing_xi_refresh_api_verified" time="3.205" /><testcase classname="backend.tests.test_iteration40_schedule_fixes.TestPreMatchPrediction" name="test_prediction_8_categories_nonzero" time="4.526" /><testcase classname="backend.tests.test_iteration40_schedule_fixes.TestPreMatchPrediction" name="test_prediction_playing_xi_source" time="4.254" /><testcase classname="backend.tests.test_iteration40_schedule_fixes.TestAPIHealth" name="test_api_health" time="0.102" /></testsuite></testsuites>