<?xml version="1.0" encoding="utf-8"?><testsuites name="pytest tests"><testsuite name="pytest" errors="0" failures="0" skipped="0" tests="10" time="34.351" timestamp="2026-04-10T10:41:40.918656+00:00" hostname="agent-env-c04530c5-e2d8-4df7-9745-07e632eb1b29"><testcase classname="backend.tests.test_iteration39_player_performance.TestHealthCheck" name="test_health_check_returns_status" time="0.275" /><testcase classname="backend.tests.test_iteration39_player_performance.TestPreMatchPredictionWithForce" name="test_pre_match_predict_force_returns_8_categories" time="4.784" /><testcase classname="backend.tests.test_iteration39_player_performance.TestPreMatchPredictionWithForce" name="test_pre_match_predict_force_returns_form_with_player_performance" time="4.299" /><testcase classname="backend.tests.test_iteration39_player_performance.TestPreMatchPredictionWithForce" name="test_pre_match_predict_force_returns_playing_xi" time="4.245" /><testcase classname="backend.tests.test_iteration39_player_performance.TestPreMatchPredictionWithForce" name="test_pre_match_predict_force_returns_player_performance_summary" time="4.282" /><testcase classname="backend.tests.test_iteration39_player_performance.TestPreMatchPredictionCached" name="test_pre_match_predict_cached_returns_prediction" time="5.286" /><testcase classname="backend.tests.test_iteration39_player_performance.TestPreMatchPredictionDifferentMatch" name="test_pre_match_predict_rr_vs_rcb" time="5.353" /><testcase classname="backend.tests.test_iteration39_player_performance.TestFetchLive" name="test_fetch_live_returns_gracefully" time="0.969" /><testcase classname="backend.tests.test_iteration39_player_performance.TestSyncPlayerStats" name="test_sync_player_stats_starts_background" time="0.115" /><testcase classname="backend.tests.test_iteration39_player_performance.TestPredictionWeights" name="test_all_weights_non_zero" time="4.619" /></testsuite></testsuites>