<?xml version="1.0" encoding="utf-8"?><testsuites name="pytest tests"><testsuite name="pytest" errors="0" failures="0" skipped="0" tests="16" time="12.805" timestamp="2026-04-03T19:24:31.780359+00:00" hostname="agent-env-c04530c5-e2d8-4df7-9745-07e632eb1b29"><testcase classname="backend.tests.test_pre_match_prediction.TestHealthAndBasics" name="test_health_check_returns_version_4" time="10.945" /><testcase classname="backend.tests.test_pre_match_prediction.TestHealthAndBasics" name="test_schedule_loaded" time="0.145" /><testcase classname="backend.tests.test_pre_match_prediction.TestCachedPrediction" name="test_cached_prediction_returns_instantly" time="0.114" /><testcase classname="backend.tests.test_pre_match_prediction.TestCachedPrediction" name="test_prediction_has_all_factors" time="0.111" /><testcase classname="backend.tests.test_pre_match_prediction.TestCachedPrediction" name="test_h2h_factor_structure" time="0.108" /><testcase classname="backend.tests.test_pre_match_prediction.TestCachedPrediction" name="test_venue_factor_structure" time="0.103" /><testcase classname="backend.tests.test_pre_match_prediction.TestCachedPrediction" name="test_form_factor_structure" time="0.117" /><testcase classname="backend.tests.test_pre_match_prediction.TestCachedPrediction" name="test_squad_factor_structure" time="0.107" /><testcase classname="backend.tests.test_pre_match_prediction.TestGetUpcomingPredictions" name="test_get_upcoming_predictions" time="0.118" /><testcase classname="backend.tests.test_pre_match_prediction.TestGetUpcomingPredictions" name="test_predictions_include_stats" time="0.097" /><testcase classname="backend.tests.test_pre_match_prediction.TestExistingEndpoints" name="test_schedule_endpoint" time="0.120" /><testcase classname="backend.tests.test_pre_match_prediction.TestExistingEndpoints" name="test_squads_endpoint" time="0.101" /><testcase classname="backend.tests.test_pre_match_prediction.TestExistingEndpoints" name="test_match_state_endpoint" time="0.153" /><testcase classname="backend.tests.test_pre_match_prediction.TestExistingEndpoints" name="test_cricket_api_usage" time="0.110" /><testcase classname="backend.tests.test_pre_match_prediction.TestExistingEndpoints" name="test_data_source_endpoint" time="0.121" /><testcase classname="backend.tests.test_pre_match_prediction.TestPredictionNotFound" name="test_prediction_for_invalid_match" time="0.128" /></testsuite></testsuites>