<?xml version="1.0" encoding="utf-8"?><testsuites name="pytest tests"><testsuite name="pytest" errors="0" failures="0" skipped="0" tests="21" time="55.354" timestamp="2026-04-03T15:33:39.522007+00:00" hostname="agent-env-c04530c5-e2d8-4df7-9745-07e632eb1b29"><testcase classname="backend.tests.test_ppl_board_api.TestHealthEndpoint" name="test_health_returns_200" time="0.152" /><testcase classname="backend.tests.test_ppl_board_api.TestHealthEndpoint" name="test_health_has_correct_version" time="0.104" /><testcase classname="backend.tests.test_ppl_board_api.TestHealthEndpoint" name="test_health_has_gpt51_datasource" time="0.124" /><testcase classname="backend.tests.test_ppl_board_api.TestHealthEndpoint" name="test_health_shows_schedule_loaded" time="0.174" /><testcase classname="backend.tests.test_ppl_board_api.TestDataSourceEndpoint" name="test_data_source_returns_200" time="0.138" /><testcase classname="backend.tests.test_ppl_board_api.TestDataSourceEndpoint" name="test_data_source_has_gpt51" time="0.115" /><testcase classname="backend.tests.test_ppl_board_api.TestScheduleEndpoint" name="test_schedule_returns_200" time="0.119" /><testcase classname="backend.tests.test_ppl_board_api.TestScheduleEndpoint" name="test_schedule_has_matches" time="0.120" /><testcase classname="backend.tests.test_ppl_board_api.TestScheduleEndpoint" name="test_schedule_has_categorization" time="0.130" /><testcase classname="backend.tests.test_ppl_board_api.TestScheduleEndpoint" name="test_schedule_match_structure" time="0.112" /><testcase classname="backend.tests.test_ppl_board_api.TestScheduleEndpoint" name="test_completed_matches_have_scores" time="0.105" /><testcase classname="backend.tests.test_ppl_board_api.TestScheduleEndpoint" name="test_live_matches_have_status" time="0.122" /><testcase classname="backend.tests.test_ppl_board_api.TestFetchLiveEndpoint" name="test_fetch_live_for_completed_match" time="22.300" /><testcase classname="backend.tests.test_ppl_board_api.TestFetchLiveEndpoint" name="test_fetch_live_for_live_match" time="16.258" /><testcase classname="backend.tests.test_ppl_board_api.TestFetchLiveEndpoint" name="test_fetch_live_with_betting_odds" time="14.399" /><testcase classname="backend.tests.test_ppl_board_api.TestFetchLiveEndpoint" name="test_fetch_live_invalid_match" time="0.193" /><testcase classname="backend.tests.test_ppl_board_api.TestMatchStateEndpoint" name="test_match_state_returns_200" time="0.130" /><testcase classname="backend.tests.test_ppl_board_api.TestMatchStateEndpoint" name="test_match_state_has_match_id" time="0.124" /><testcase classname="backend.tests.test_ppl_board_api.TestSquadsEndpoint" name="test_squads_returns_200" time="0.121" /><testcase classname="backend.tests.test_ppl_board_api.TestSquadsEndpoint" name="test_squads_has_teams" time="0.118" /><testcase classname="backend.tests.test_ppl_board_api.TestSquadsEndpoint" name="test_team_squad_returns_200" time="0.108" /></testsuite></testsuites>